<?xml version="1.0" encoding="UTF-8"?>
<testng-results ignored="0" total="1" passed="1" failed="0" skipped="0">
  <reporter-output>
  </reporter-output>
  <suite started-at="2026-05-11T22:56:22 IST" name="Default suite" finished-at="2026-05-11T22:56:25 IST" duration-ms="3029">
    <groups>
    </groups>
    <test started-at="2026-05-11T22:56:22 IST" name="Default test" finished-at="2026-05-11T22:56:25 IST" duration-ms="3029">
      <class name="SumValidations">
        <test-method signature="sumOfCourse()[pri:0, instance:SumValidations@22a637e7]" started-at="2026-05-11T22:56:22 IST" name="sumOfCourse" finished-at="2026-05-11T22:56:25 IST" duration-ms="2924" status="PASS">
          <reporter-output>
          </reporter-output>
        </test-method> <!-- sumOfCourse -->
      </class> <!-- SumValidations -->
    </test> <!-- Default test -->
  </suite> <!-- Default suite -->
</testng-results>
